node : node:internal/mo
dules/cjs/loader:1386
At line:1 char:1
+ node server.js 2>&1 
| Out-File -FilePath 
startup_error.log 
-Encoding  ...
+ ~~~~~~~~~~~~~~~~~~~
    + CategoryInfo     
         : NotSpecifi  
  ed: (node:internal   
 /modules/cjs/loade    
r:1386:String) [],     
RemoteException
    + FullyQualifiedEr 
   rorId : NativeComm  
  andError
 
  throw err;
  ^

Error: Cannot find 
module 'firebase/app'
Require stack:
- C:\Users\preet\OneDri
ve\Desktop\Backend-Crop
-intelligence\backend\c
onfig\firebase.js
- C:\Users\preet\OneDri
ve\Desktop\Backend-Crop
-intelligence\backend\c
ontrollers\authControll
er.js
- C:\Users\preet\OneDri
ve\Desktop\Backend-Crop
-intelligence\backend\r
outes\authRoutes.js
- C:\Users\preet\OneDri
ve\Desktop\Backend-Crop
-intelligence\backend\s
erver.js
    at Function._resolv
eFilename (node:interna
l/modules/cjs/loader:13
83:15)
    at 
defaultResolveImpl (nod
e:internal/modules/cjs/
loader:1025:19)
    at 
resolveForCJSWithHooks 
(node:internal/modules/
cjs/loader:1030:22)
    at Function._load (
node:internal/modules/c
js/loader:1192:37)
    at TracingChannel.t
raceSync (node:diagnost
ics_channel:322:14)
    at wrapModuleLoad (
node:internal/modules/c
js/loader:237:24)
    at Module.require (
node:internal/modules/c
js/loader:1463:12)
    at require (node:in
ternal/modules/helpers:
147:16)
    at 
Object.<anonymous> (C:\
Users\preet\OneDrive\De
sktop\Backend-Crop-inte
lligence\backend\config
\firebase.js:1:27)
    at Module._compile 
(node:internal/modules/
cjs/loader:1706:14) {
  code: 
'MODULE_NOT_FOUND',
  requireStack: [
    'C:\\Users\\preet\\
OneDrive\\Desktop\\Back
end-Crop-intelligence\\
backend\\config\\fireba
se.js',
    'C:\\Users\\preet\\
OneDrive\\Desktop\\Back
end-Crop-intelligence\\
backend\\controllers\\a
uthController.js',
    'C:\\Users\\preet\\
OneDrive\\Desktop\\Back
end-Crop-intelligence\\
backend\\routes\\authRo
utes.js',
    'C:\\Users\\preet\\
OneDrive\\Desktop\\Back
end-Crop-intelligence\\
backend\\server.js'
  ]
}

Node.js v22.20.0
