node.exe : 
2026-03-05T18:07:31Z 
INF Thank you for 
trying Cloudflare 
Tunnel. Doing so, 
without a Cloudflare 
account, is a quick 
way to experiment and 
try it out. However, 
be aware that these 
account-less Tunnels 
have no uptime 
guarantee, are subject 
to the Cloudflare 
Online Services Terms 
of Use (https://www.clo
udflare.com/website-ter
ms/), and Cloudflare 
reserves the right to 
investigate your use 
of Tunnels for 
violations of such 
terms. If you intend 
to use Tunnels in 
production you should 
use a pre-created 
named tunnel by 
following: https://deve
lopers.cloudflare.com/c
loudflare-one/connectio
ns/connect-apps
At line:1 char:1
+ & "C:\Program 
Files\nodejs/node.exe" 
"C:\Program 
Files\nodejs/node_mo 
...
+ ~~~~~~~~~~~~~~~~~~~~~
~~~~~~~~~~~~~~~~~~~~~~~
~~~~~~~~~~~~~~~~~~~~~~~
~~
    + CategoryInfo     
         : NotSpecifi  
  ed: (2026-03-05T18   
 :0...ns/connect-ap    
ps:String) [], Rem    
oteException
    + FullyQualifiedEr 
   rorId : NativeComm  
  andError
 
2026-03-05T18:07:31Z 
INF Requesting new 
quick Tunnel on 
trycloudflare.com...
2026-03-05T18:07:37Z 
INF +------------------
-----------------------
-----------------------
-----------------------
-----+
2026-03-05T18:07:37Z 
INF |  Your quick 
Tunnel has been 
created! Visit it at 
(it may take some time 
to be reachable):  |
2026-03-05T18:07:37Z 
INF |  https://asking-s
aved-dim-trial.trycloud
flare.com              
                       
     |
2026-03-05T18:07:37Z 
INF +------------------
-----------------------
-----------------------
-----------------------
-----+
2026-03-05T18:07:37Z 
INF Cannot determine 
default configuration 
path. No file 
[config.yml 
config.yaml] in 
[~/.cloudflared 
~/.cloudflare-warp 
~/cloudflare-warp]
2026-03-05T18:07:37Z 
INF Version 2026.2.0 
(Checksum b3279f2186a1c
3c438ad5865e802bbbec260
90c5d3fdb4ac1113f1143a9
4837a)
2026-03-05T18:07:37Z 
INF GOOS: windows, 
GOVersion: go1.24.13, 
GoArch: amd64
2026-03-05T18:07:37Z 
INF Settings: 
map[ha-connections:1 
protocol:quic url:http:
//localhost:5000]
2026-03-05T18:07:37Z 
INF cloudflared will 
not automatically 
update on Windows 
systems.
2026-03-05T18:07:37Z 
INF Generated 
Connector ID: 97142010-
b0bd-423d-bc9d-3059050b
b1ed
2026-03-05T18:07:37Z 
INF Initial protocol 
quic
2026-03-05T18:07:37Z 
INF ICMP proxy will 
use 192.168.0.108 as 
source for IPv4
2026-03-05T18:07:37Z 
INF ICMP proxy will 
use ::1 in zone 
Loopback 
Pseudo-Interface 1 as 
source for IPv6
2026-03-05T18:07:37Z 
INF cloudflared does 
not support loading 
the system root 
certificate pool on 
Windows. Please use 
--origin-ca-pool 
<PATH> to specify the 
path to the 
certificate pool
2026-03-05T18:07:37Z 
INF ICMP proxy will 
use 192.168.0.108 as 
source for IPv4
2026-03-05T18:07:37Z 
INF Tunnel connection 
curve preferences: 
[X25519MLKEM768 
CurveP256] connIndex=0 
event=0 
ip=198.41.200.13
2026-03-05T18:07:37Z 
INF ICMP proxy will 
use ::1 in zone 
Loopback 
Pseudo-Interface 1 as 
source for IPv6
2026-03-05T18:07:37Z 
INF Starting metrics 
server on 
127.0.0.1:20242/metrics
2026-03-05T18:07:38Z 
INF Registered tunnel 
connection connIndex=0 
connection=31317076-a07
f-4760-8680-55116ddf66e
9 event=0 
ip=198.41.200.13 
location=del05 
protocol=quic
